<?xml version="1.0" encoding="UTF-8"?>
<testng-results ignored="0" total="1" passed="1" failed="0" skipped="0">
  <reporter-output>
  </reporter-output>
  <suite started-at="2021-04-12T12:07:08Z" name="Default suite" finished-at="2021-04-12T12:07:08Z" duration-ms="192">
    <groups>
    </groups>
    <test started-at="2021-04-12T12:07:08Z" name="Default test" finished-at="2021-04-12T12:07:08Z" duration-ms="192">
      <class name="selenium_training.TestNg_Patameter">
        <test-method signature="parameterTest(java.lang.String)[pri:0, instance:selenium_training.TestNg_Patameter@78aea4b9]" started-at="2021-04-12T12:07:08Z" name="parameterTest" finished-at="2021-04-12T12:07:08Z" duration-ms="91" status="PASS">
          <params>
            <param index="0">
              <value>
                <![CDATA[hello]]>
              </value>
            </param>
          </params>
          <reporter-output>
          </reporter-output>
        </test-method> <!-- parameterTest -->
      </class> <!-- selenium_training.TestNg_Patameter -->
    </test> <!-- Default test -->
  </suite> <!-- Default suite -->
</testng-results>
